[0.609s] Invoking command in '/home/jongha/Desktop/GitHub/visually-impaired-navigation-robot/build/blind_nav_system': PYTHONPATH=/home/jongha/Desktop/GitHub/visually-impaired-navigation-robot/build/blind_nav_system/prefix_override:/usr/lib/python3/dist-packages/colcon_core/task/python/colcon_distutils_commands:/home/jongha/Desktop/GitHub/visually-impaired-navigation-robot/install/blind_nav_system/lib/python3.10/site-packages:${PYTHONPATH} /usr/bin/python3 -W ignore:setup.py install is deprecated -W ignore:easy_install command is deprecated setup.py develop --editable --build-directory /home/jongha/Desktop/GitHub/visually-impaired-navigation-robot/build/blind_nav_system/build --no-deps symlink_data --force
[0.920s] running develop
[1.101s] running egg_info
[1.101s] writing blind_nav_system.egg-info/PKG-INFO
[1.101s] writing dependency_links to blind_nav_system.egg-info/dependency_links.txt
[1.101s] writing entry points to blind_nav_system.egg-info/entry_points.txt
[1.101s] writing requirements to blind_nav_system.egg-info/requires.txt
[1.101s] writing top-level names to blind_nav_system.egg-info/top_level.txt
[1.103s] reading manifest file 'blind_nav_system.egg-info/SOURCES.txt'
[1.104s] writing manifest file 'blind_nav_system.egg-info/SOURCES.txt'
[1.105s] running build_ext
[1.105s] Creating /home/jongha/Desktop/GitHub/visually-impaired-navigation-robot/install/blind_nav_system/lib/python3.10/site-packages/blind-nav-system.egg-link (link to .)
[1.106s] Installing main_state_machine script to /home/jongha/Desktop/GitHub/visually-impaired-navigation-robot/install/blind_nav_system/lib/blind_nav_system
[1.106s] Installing navigation_client script to /home/jongha/Desktop/GitHub/visually-impaired-navigation-robot/install/blind_nav_system/lib/blind_nav_system
[1.106s] Installing sensor_monitor script to /home/jongha/Desktop/GitHub/visually-impaired-navigation-robot/install/blind_nav_system/lib/blind_nav_system
[1.106s] Installing voice_interface script to /home/jongha/Desktop/GitHub/visually-impaired-navigation-robot/install/blind_nav_system/lib/blind_nav_system
[1.106s] 
[1.106s] Installed /home/jongha/Desktop/GitHub/visually-impaired-navigation-robot/build/blind_nav_system
[1.106s] running symlink_data
[1.107s] symbolically linking /home/jongha/Desktop/GitHub/visually-impaired-navigation-robot/build/blind_nav_system/resource/blind_nav_system -> /home/jongha/Desktop/GitHub/visually-impaired-navigation-robot/install/blind_nav_system/share/ament_index/resource_index/packages
[1.107s] symbolically linking /home/jongha/Desktop/GitHub/visually-impaired-navigation-robot/build/blind_nav_system/package.xml -> /home/jongha/Desktop/GitHub/visually-impaired-navigation-robot/install/blind_nav_system/share/blind_nav_system
[1.134s] Invoked command in '/home/jongha/Desktop/GitHub/visually-impaired-navigation-robot/build/blind_nav_system' returned '0': PYTHONPATH=/home/jongha/Desktop/GitHub/visually-impaired-navigation-robot/build/blind_nav_system/prefix_override:/usr/lib/python3/dist-packages/colcon_core/task/python/colcon_distutils_commands:/home/jongha/Desktop/GitHub/visually-impaired-navigation-robot/install/blind_nav_system/lib/python3.10/site-packages:${PYTHONPATH} /usr/bin/python3 -W ignore:setup.py install is deprecated -W ignore:easy_install command is deprecated setup.py develop --editable --build-directory /home/jongha/Desktop/GitHub/visually-impaired-navigation-robot/build/blind_nav_system/build --no-deps symlink_data --force
