-- The C compiler identification is GNU 11.4.0
-- The CXX compiler identification is GNU 11.4.0
-- Detecting C compiler ABI info
-- Detecting C compiler ABI info - done
-- Check for working C compiler: /usr/bin/cc - skipped
-- Detecting C compile features
-- Detecting C compile features - done
-- Detecting CXX compiler ABI info
-- Detecting CXX compiler ABI info - done
-- Check for working CXX compiler: /usr/bin/c++ - skipped
-- Detecting CXX compile features
-- Detecting CXX compile features - done
-- Found ament_cmake: 1.3.12 (/opt/ros/humble/share/ament_cmake/cmake)
-- Found Python3: /usr/bin/python3 (found version "3.10.12") found components: Interpreter 
-- Override CMake install command with custom implementation using symlinks instead of copying resources
-- Found rclcpp: 16.0.15 (/opt/ros/humble/share/rclcpp/cmake)
-- Found rosidl_generator_c: 3.1.7 (/opt/ros/humble/share/rosidl_generator_c/cmake)
-- Found rosidl_adapter: 3.1.7 (/opt/ros/humble/share/rosidl_adapter/cmake)
-- Found rosidl_generator_cpp: 3.1.7 (/opt/ros/humble/share/rosidl_generator_cpp/cmake)
-- Using all available rosidl_typesupport_c: rosidl_typesupport_fastrtps_c;rosidl_typesupport_introspection_c
-- Using all available rosidl_typesupport_cpp: rosidl_typesupport_fastrtps_cpp;rosidl_typesupport_introspection_cpp
-- Found rmw_implementation_cmake: 6.1.2 (/opt/ros/humble/share/rmw_implementation_cmake/cmake)
-- Found rmw_fastrtps_cpp: 6.2.9 (/opt/ros/humble/share/rmw_fastrtps_cpp/cmake)
-- Found OpenSSL: /usr/lib/x86_64-linux-gnu/libcrypto.so (found version "3.0.2")  
-- Found FastRTPS: /opt/ros/humble/include  
-- Using RMW implementation 'rmw_fastrtps_cpp' as default
-- Looking for pthread.h
-- Looking for pthread.h - found
-- Performing Test CMAKE_HAVE_LIBC_PTHREAD
-- Performing Test CMAKE_HAVE_LIBC_PTHREAD - Success
-- Found Threads: TRUE  
-- Found ament_lint_auto: 0.12.14 (/opt/ros/humble/share/ament_lint_auto/cmake)
-- Added test 'copyright' to check source files copyright and LICENSE
-- Added test 'flake8' to check Python code syntax and style conventions
-- Added test 'lint_cmake' to check CMake code style
-- Added test 'pep257' to check Python code against some of the docstring style conventions in PEP 257
-- Added test 'xmllint' to check XML markup files
-- Configuring done
-- Generating done
-- Build files have been written to: /home/jongha/stretch_ros2_ws/build/stretch_nav2
Built target ament_cmake_python_symlink_stretch_nav2
running egg_info
creating stretch_nav2.egg-info
writing stretch_nav2.egg-info/PKG-INFO
writing dependency_links to stretch_nav2.egg-info/dependency_links.txt
writing top-level names to stretch_nav2.egg-info/top_level.txt
writing manifest file 'stretch_nav2.egg-info/SOURCES.txt'
reading manifest file 'stretch_nav2.egg-info/SOURCES.txt'
writing manifest file 'stretch_nav2.egg-info/SOURCES.txt'
Built target ament_cmake_python_build_stretch_nav2_egg
-- Install configuration: ""
-- Execute custom install script
-- Symlinking: /home/jongha/stretch_ros2_ws/install/stretch_nav2/share/stretch_nav2/launch/bringup_launch.py
-- Symlinking: /home/jongha/stretch_ros2_ws/install/stretch_nav2/share/stretch_nav2/launch/demo_security.launch.py
-- Symlinking: /home/jongha/stretch_ros2_ws/install/stretch_nav2/share/stretch_nav2/launch/navigation.launch.py
-- Symlinking: /home/jongha/stretch_ros2_ws/install/stretch_nav2/share/stretch_nav2/launch/navigation_launch.py
-- Symlinking: /home/jongha/stretch_ros2_ws/install/stretch_nav2/share/stretch_nav2/launch/offline_mapping.launch.py
-- Symlinking: /home/jongha/stretch_ros2_ws/install/stretch_nav2/share/stretch_nav2/launch/online_async_launch.py
-- Symlinking: /home/jongha/stretch_ros2_ws/install/stretch_nav2/share/stretch_nav2/launch/online_mapping.launch.py
-- Symlinking: /home/jongha/stretch_ros2_ws/install/stretch_nav2/share/stretch_nav2/launch/stretch_navigation.launch.py
-- Symlinking: /home/jongha/stretch_ros2_ws/install/stretch_nav2/share/stretch_nav2/launch/teleop_twist.launch.py
-- Symlinking: /home/jongha/stretch_ros2_ws/install/stretch_nav2/share/stretch_nav2/config/mapper_params_online_async.yaml
-- Symlinking: /home/jongha/stretch_ros2_ws/install/stretch_nav2/share/stretch_nav2/config/nav2_params.yaml
-- Symlinking: /home/jongha/stretch_ros2_ws/install/stretch_nav2/share/stretch_nav2/config/nav2_voxel_params.yaml
-- Symlinking: /home/jongha/stretch_ros2_ws/install/stretch_nav2/share/stretch_nav2/stretch_nav2/__init__.py
-- Symlinking: /home/jongha/stretch_ros2_ws/install/stretch_nav2/share/stretch_nav2/stretch_nav2/robot_navigator.py
-- Symlinking: /home/jongha/stretch_ros2_ws/install/stretch_nav2/share/stretch_nav2/stretch_nav2/simple_commander_demo.py
-- Symlinking: /home/jongha/stretch_ros2_ws/install/stretch_nav2/share/stretch_nav2/environment/pythonpath.sh
-- Symlinking: /home/jongha/stretch_ros2_ws/install/stretch_nav2/share/stretch_nav2/environment/pythonpath.dsv
-- Symlinking: /home/jongha/stretch_ros2_ws/install/stretch_nav2/local/lib/python3.10/dist-packages/stretch_nav2-0.0.1-py3.10.egg-info/PKG-INFO
-- Symlinking: /home/jongha/stretch_ros2_ws/install/stretch_nav2/local/lib/python3.10/dist-packages/stretch_nav2-0.0.1-py3.10.egg-info/SOURCES.txt
-- Symlinking: /home/jongha/stretch_ros2_ws/install/stretch_nav2/local/lib/python3.10/dist-packages/stretch_nav2-0.0.1-py3.10.egg-info/dependency_links.txt
-- Symlinking: /home/jongha/stretch_ros2_ws/install/stretch_nav2/local/lib/python3.10/dist-packages/stretch_nav2-0.0.1-py3.10.egg-info/top_level.txt
-- Symlinking: /home/jongha/stretch_ros2_ws/install/stretch_nav2/local/lib/python3.10/dist-packages/stretch_nav2/__init__.py
-- Symlinking: /home/jongha/stretch_ros2_ws/install/stretch_nav2/local/lib/python3.10/dist-packages/stretch_nav2/robot_navigator.py
-- Symlinking: /home/jongha/stretch_ros2_ws/install/stretch_nav2/local/lib/python3.10/dist-packages/stretch_nav2/simple_commander_demo.py
-- Symlinking: /home/jongha/stretch_ros2_ws/install/stretch_nav2/lib/stretch_nav2/simple_commander_demo.py
-- Symlinking: /home/jongha/stretch_ros2_ws/install/stretch_nav2/share/ament_index/resource_index/package_run_dependencies/stretch_nav2
-- Symlinking: /home/jongha/stretch_ros2_ws/install/stretch_nav2/share/ament_index/resource_index/parent_prefix_path/stretch_nav2
-- Symlinking: /home/jongha/stretch_ros2_ws/install/stretch_nav2/share/stretch_nav2/environment/ament_prefix_path.sh
-- Symlinking: /home/jongha/stretch_ros2_ws/install/stretch_nav2/share/stretch_nav2/environment/ament_prefix_path.dsv
-- Symlinking: /home/jongha/stretch_ros2_ws/install/stretch_nav2/share/stretch_nav2/environment/path.sh
-- Symlinking: /home/jongha/stretch_ros2_ws/install/stretch_nav2/share/stretch_nav2/environment/path.dsv
-- Symlinking: /home/jongha/stretch_ros2_ws/install/stretch_nav2/share/stretch_nav2/local_setup.bash
-- Symlinking: /home/jongha/stretch_ros2_ws/install/stretch_nav2/share/stretch_nav2/local_setup.sh
-- Symlinking: /home/jongha/stretch_ros2_ws/install/stretch_nav2/share/stretch_nav2/local_setup.zsh
-- Symlinking: /home/jongha/stretch_ros2_ws/install/stretch_nav2/share/stretch_nav2/local_setup.dsv
-- Symlinking: /home/jongha/stretch_ros2_ws/install/stretch_nav2/share/stretch_nav2/package.dsv
-- Symlinking: /home/jongha/stretch_ros2_ws/install/stretch_nav2/share/ament_index/resource_index/packages/stretch_nav2
-- Symlinking: /home/jongha/stretch_ros2_ws/install/stretch_nav2/share/stretch_nav2/cmake/stretch_nav2Config.cmake
-- Symlinking: /home/jongha/stretch_ros2_ws/install/stretch_nav2/share/stretch_nav2/cmake/stretch_nav2Config-version.cmake
-- Symlinking: /home/jongha/stretch_ros2_ws/install/stretch_nav2/share/stretch_nav2/package.xml
Listing '/home/jongha/stretch_ros2_ws/install/stretch_nav2/local/lib/python3.10/dist-packages/stretch_nav2'...
Compiling '/home/jongha/stretch_ros2_ws/install/stretch_nav2/local/lib/python3.10/dist-packages/stretch_nav2/__init__.py'...
Compiling '/home/jongha/stretch_ros2_ws/install/stretch_nav2/local/lib/python3.10/dist-packages/stretch_nav2/robot_navigator.py'...
Compiling '/home/jongha/stretch_ros2_ws/install/stretch_nav2/local/lib/python3.10/dist-packages/stretch_nav2/simple_commander_demo.py'...
