[0.842s] Invoking command in '/home/jongha/stretch_ros2_ws/build/stretch_calibration': AMENT_PREFIX_PATH=/home/jongha/stretch_ros2_ws/install/stretch_core:/home/jongha/stretch_ros2_ws/install/hello_helpers:/home/jongha/stretch_ros2_ws/install/stretch_simulation:/home/jongha/stretch_ros2_ws/install/stretch_rtabmap:/home/jongha/stretch_ros2_ws/install/stretch_nav2:/home/jongha/stretch_ros2_ws/install/stretch_funmap:/home/jongha/stretch_ros2_ws/install/stretch_calibration:/home/jongha/stretch_ros2_ws/install/stretch_description:/home/jongha/stretch_ros2_ws/install/stretch_demos:/home/jongha/stretch_ros2_ws/install/stretch_deep_perception:/opt/ros/humble CMAKE_PREFIX_PATH=/home/jongha/stretch_ros2_ws/install/stretch_description:/home/jongha/stretch_ros2_ws/install/stretch_rtabmap:/home/jongha/stretch_ros2_ws/install/stretch_nav2 PYTHONPATH=/home/jongha/stretch_ros2_ws/build/stretch_calibration/prefix_override:/usr/lib/python3/dist-packages/colcon_core/task/python/colcon_distutils_commands:/home/jongha/stretch_ros2_ws/install/stretch_calibration/lib/python3.10/site-packages:/home/jongha/stretch_ros2_ws/build/stretch_core:/home/jongha/stretch_ros2_ws/install/stretch_core/lib/python3.10/site-packages:/home/jongha/stretch_ros2_ws/build/hello_helpers/src:/home/jongha/stretch_ros2_ws/install/hello_helpers/lib/python3.10/site-packages:/home/jongha/stretch_ros2_ws/build/stretch_simulation:/home/jongha/stretch_ros2_ws/install/stretch_simulation/lib/python3.10/site-packages:/home/jongha/stretch_ros2_ws/install/stretch_nav2/local/lib/python3.10/dist-packages:/home/jongha/stretch_ros2_ws/build/stretch_funmap:/home/jongha/stretch_ros2_ws/install/stretch_funmap/lib/python3.10/site-packages:/home/jongha/stretch_ros2_ws/build/stretch_calibration:/home/jongha/stretch_ros2_ws/install/stretch_calibration/lib/python3.10/site-packages:/home/jongha/stretch_ros2_ws/build/stretch_demos:/home/jongha/stretch_ros2_ws/install/stretch_demos/lib/python3.10/site-packages:/home/jongha/stretch_ros2_ws/build/stretch_deep_perception:/home/jongha/stretch_ros2_ws/install/stretch_deep_perception/lib/python3.10/site-packages:/opt/ros/humble/lib/python3.10/site-packages:/opt/ros/humble/local/lib/python3.10/dist-packages /usr/bin/python3 -W ignore:setup.py install is deprecated -W ignore:easy_install command is deprecated setup.py develop --editable --build-directory /home/jongha/stretch_ros2_ws/build/stretch_calibration/build --no-deps symlink_data
[1.096s] running develop
[1.252s] running egg_info
[1.252s] creating stretch_calibration.egg-info
[1.253s] writing stretch_calibration.egg-info/PKG-INFO
[1.253s] writing dependency_links to stretch_calibration.egg-info/dependency_links.txt
[1.253s] writing entry points to stretch_calibration.egg-info/entry_points.txt
[1.253s] writing requirements to stretch_calibration.egg-info/requires.txt
[1.253s] writing top-level names to stretch_calibration.egg-info/top_level.txt
[1.253s] writing manifest file 'stretch_calibration.egg-info/SOURCES.txt'
[1.255s] reading manifest file 'stretch_calibration.egg-info/SOURCES.txt'
[1.256s] writing manifest file 'stretch_calibration.egg-info/SOURCES.txt'
[1.257s] running build_ext
[1.257s] Creating /home/jongha/stretch_ros2_ws/install/stretch_calibration/lib/python3.10/site-packages/stretch-calibration.egg-link (link to .)
[1.258s] Installing check_head_calibration script to /home/jongha/stretch_ros2_ws/install/stretch_calibration/lib/stretch_calibration
[1.258s] Installing collect_head_calibration_data script to /home/jongha/stretch_ros2_ws/install/stretch_calibration/lib/stretch_calibration
[1.258s] Installing process_head_calibration_data script to /home/jongha/stretch_ros2_ws/install/stretch_calibration/lib/stretch_calibration
[1.258s] Installing revert_to_previous_calibration script to /home/jongha/stretch_ros2_ws/install/stretch_calibration/lib/stretch_calibration
[1.258s] Installing update_uncalibrated_urdf script to /home/jongha/stretch_ros2_ws/install/stretch_calibration/lib/stretch_calibration
[1.259s] Installing update_urdf_after_xacro_change script to /home/jongha/stretch_ros2_ws/install/stretch_calibration/lib/stretch_calibration
[1.259s] Installing update_with_most_recent_calibration script to /home/jongha/stretch_ros2_ws/install/stretch_calibration/lib/stretch_calibration
[1.259s] Installing visualize_most_recent_head_calibration script to /home/jongha/stretch_ros2_ws/install/stretch_calibration/lib/stretch_calibration
[1.259s] 
[1.259s] Installed /home/jongha/stretch_ros2_ws/build/stretch_calibration
[1.259s] running symlink_data
[1.259s] creating /home/jongha/stretch_ros2_ws/install/stretch_calibration/share/ament_index
[1.259s] creating /home/jongha/stretch_ros2_ws/install/stretch_calibration/share/ament_index/resource_index
[1.259s] creating /home/jongha/stretch_ros2_ws/install/stretch_calibration/share/ament_index/resource_index/packages
[1.260s] symbolically linking /home/jongha/stretch_ros2_ws/build/stretch_calibration/resource/stretch_calibration -> /home/jongha/stretch_ros2_ws/install/stretch_calibration/share/ament_index/resource_index/packages
[1.260s] symbolically linking /home/jongha/stretch_ros2_ws/build/stretch_calibration/package.xml -> /home/jongha/stretch_ros2_ws/install/stretch_calibration/share/stretch_calibration
[1.260s] creating /home/jongha/stretch_ros2_ws/install/stretch_calibration/share/stretch_calibration/launch
[1.260s] symbolically linking /home/jongha/stretch_ros2_ws/build/stretch_calibration/launch/process_head_calibration_data.launch.py -> /home/jongha/stretch_ros2_ws/install/stretch_calibration/share/stretch_calibration/launch
[1.260s] symbolically linking /home/jongha/stretch_ros2_ws/build/stretch_calibration/launch/simple_test_head_calibration.launch.py -> /home/jongha/stretch_ros2_ws/install/stretch_calibration/share/stretch_calibration/launch
[1.260s] symbolically linking /home/jongha/stretch_ros2_ws/build/stretch_calibration/launch/process_head_calibration_data_with_visualization.launch.py -> /home/jongha/stretch_ros2_ws/install/stretch_calibration/share/stretch_calibration/launch
[1.260s] symbolically linking /home/jongha/stretch_ros2_ws/build/stretch_calibration/launch/check_head_calibration.launch.py -> /home/jongha/stretch_ros2_ws/install/stretch_calibration/share/stretch_calibration/launch
[1.260s] symbolically linking /home/jongha/stretch_ros2_ws/build/stretch_calibration/launch/use_prior_head_calibration_to_update_urdf.launch.py -> /home/jongha/stretch_ros2_ws/install/stretch_calibration/share/stretch_calibration/launch
[1.261s] symbolically linking /home/jongha/stretch_ros2_ws/build/stretch_calibration/launch/simple_test_head_calibration_low_resolution.launch.py -> /home/jongha/stretch_ros2_ws/install/stretch_calibration/share/stretch_calibration/launch
[1.261s] symbolically linking /home/jongha/stretch_ros2_ws/build/stretch_calibration/launch/visualize_head_calibration.launch.py -> /home/jongha/stretch_ros2_ws/install/stretch_calibration/share/stretch_calibration/launch
[1.261s] symbolically linking /home/jongha/stretch_ros2_ws/build/stretch_calibration/launch/collect_check_head_calibration_data.launch.py -> /home/jongha/stretch_ros2_ws/install/stretch_calibration/share/stretch_calibration/launch
[1.261s] symbolically linking /home/jongha/stretch_ros2_ws/build/stretch_calibration/launch/collect_head_calibration_data.launch.py -> /home/jongha/stretch_ros2_ws/install/stretch_calibration/share/stretch_calibration/launch
[1.261s] creating /home/jongha/stretch_ros2_ws/install/stretch_calibration/share/stretch_calibration/config
[1.261s] symbolically linking /home/jongha/stretch_ros2_ws/build/stretch_calibration/config/head_calibration_options.yaml -> /home/jongha/stretch_ros2_ws/install/stretch_calibration/share/stretch_calibration/config
[1.261s] creating /home/jongha/stretch_ros2_ws/install/stretch_calibration/share/stretch_calibration/rviz
[1.262s] symbolically linking /home/jongha/stretch_ros2_ws/build/stretch_calibration/rviz/stretch_simple_test.rviz -> /home/jongha/stretch_ros2_ws/install/stretch_calibration/share/stretch_calibration/rviz
[1.262s] symbolically linking /home/jongha/stretch_ros2_ws/build/stretch_calibration/rviz/head_calibration.rviz -> /home/jongha/stretch_ros2_ws/install/stretch_calibration/share/stretch_calibration/rviz
[1.286s] Invoked command in '/home/jongha/stretch_ros2_ws/build/stretch_calibration' returned '0': AMENT_PREFIX_PATH=/home/jongha/stretch_ros2_ws/install/stretch_core:/home/jongha/stretch_ros2_ws/install/hello_helpers:/home/jongha/stretch_ros2_ws/install/stretch_simulation:/home/jongha/stretch_ros2_ws/install/stretch_rtabmap:/home/jongha/stretch_ros2_ws/install/stretch_nav2:/home/jongha/stretch_ros2_ws/install/stretch_funmap:/home/jongha/stretch_ros2_ws/install/stretch_calibration:/home/jongha/stretch_ros2_ws/install/stretch_description:/home/jongha/stretch_ros2_ws/install/stretch_demos:/home/jongha/stretch_ros2_ws/install/stretch_deep_perception:/opt/ros/humble CMAKE_PREFIX_PATH=/home/jongha/stretch_ros2_ws/install/stretch_description:/home/jongha/stretch_ros2_ws/install/stretch_rtabmap:/home/jongha/stretch_ros2_ws/install/stretch_nav2 PYTHONPATH=/home/jongha/stretch_ros2_ws/build/stretch_calibration/prefix_override:/usr/lib/python3/dist-packages/colcon_core/task/python/colcon_distutils_commands:/home/jongha/stretch_ros2_ws/install/stretch_calibration/lib/python3.10/site-packages:/home/jongha/stretch_ros2_ws/build/stretch_core:/home/jongha/stretch_ros2_ws/install/stretch_core/lib/python3.10/site-packages:/home/jongha/stretch_ros2_ws/build/hello_helpers/src:/home/jongha/stretch_ros2_ws/install/hello_helpers/lib/python3.10/site-packages:/home/jongha/stretch_ros2_ws/build/stretch_simulation:/home/jongha/stretch_ros2_ws/install/stretch_simulation/lib/python3.10/site-packages:/home/jongha/stretch_ros2_ws/install/stretch_nav2/local/lib/python3.10/dist-packages:/home/jongha/stretch_ros2_ws/build/stretch_funmap:/home/jongha/stretch_ros2_ws/install/stretch_funmap/lib/python3.10/site-packages:/home/jongha/stretch_ros2_ws/build/stretch_calibration:/home/jongha/stretch_ros2_ws/install/stretch_calibration/lib/python3.10/site-packages:/home/jongha/stretch_ros2_ws/build/stretch_demos:/home/jongha/stretch_ros2_ws/install/stretch_demos/lib/python3.10/site-packages:/home/jongha/stretch_ros2_ws/build/stretch_deep_perception:/home/jongha/stretch_ros2_ws/install/stretch_deep_perception/lib/python3.10/site-packages:/opt/ros/humble/lib/python3.10/site-packages:/opt/ros/humble/local/lib/python3.10/dist-packages /usr/bin/python3 -W ignore:setup.py install is deprecated -W ignore:easy_install command is deprecated setup.py develop --editable --build-directory /home/jongha/stretch_ros2_ws/build/stretch_calibration/build --no-deps symlink_data
