running develop
running egg_info
creating stretch_simulation.egg-info
writing stretch_simulation.egg-info/PKG-INFO
writing dependency_links to stretch_simulation.egg-info/dependency_links.txt
writing entry points to stretch_simulation.egg-info/entry_points.txt
writing requirements to stretch_simulation.egg-info/requires.txt
writing top-level names to stretch_simulation.egg-info/top_level.txt
writing manifest file 'stretch_simulation.egg-info/SOURCES.txt'
reading manifest file 'stretch_simulation.egg-info/SOURCES.txt'
writing manifest file 'stretch_simulation.egg-info/SOURCES.txt'
running build_ext
Creating /home/jongha/stretch_ros2_ws/install/stretch_simulation/lib/python3.10/site-packages/stretch-simulation.egg-link (link to .)
Installing stretch_mujoco_driver script to /home/jongha/stretch_ros2_ws/install/stretch_simulation/lib/stretch_simulation

Installed /home/jongha/stretch_ros2_ws/build/stretch_simulation
running symlink_data
symbolically linking /home/jongha/stretch_ros2_ws/build/stretch_simulation/package.xml -> /home/jongha/stretch_ros2_ws/install/stretch_simulation/share/stretch_simulation
creating /home/jongha/stretch_ros2_ws/install/stretch_simulation/share/stretch_simulation/launch
symbolically linking /home/jongha/stretch_ros2_ws/build/stretch_simulation/launch/stretch_mujoco_driver.launch.py -> /home/jongha/stretch_ros2_ws/install/stretch_simulation/share/stretch_simulation/launch
symbolically linking /home/jongha/stretch_ros2_ws/build/stretch_simulation/launch/stretch_simulation_web_interface.launch.py -> /home/jongha/stretch_ros2_ws/install/stretch_simulation/share/stretch_simulation/launch
creating /home/jongha/stretch_ros2_ws/install/stretch_simulation/share/stretch_simulation/rviz
symbolically linking /home/jongha/stretch_ros2_ws/build/stretch_simulation/rviz/stretch_sim.rviz -> /home/jongha/stretch_ros2_ws/install/stretch_simulation/share/stretch_simulation/rviz
