[0.839s] Invoking command in '/home/jongha/stretch_ros2_ws/build/stretch_simulation': AMENT_PREFIX_PATH=/home/jongha/stretch_ros2_ws/install/stretch_core:/home/jongha/stretch_ros2_ws/install/hello_helpers:/home/jongha/stretch_ros2_ws/install/stretch_simulation:/home/jongha/stretch_ros2_ws/install/stretch_rtabmap:/home/jongha/stretch_ros2_ws/install/stretch_nav2:/home/jongha/stretch_ros2_ws/install/stretch_funmap:/home/jongha/stretch_ros2_ws/install/stretch_calibration:/home/jongha/stretch_ros2_ws/install/stretch_description:/home/jongha/stretch_ros2_ws/install/stretch_demos:/home/jongha/stretch_ros2_ws/install/stretch_deep_perception:/opt/ros/humble PYTHONPATH=/home/jongha/stretch_ros2_ws/build/stretch_simulation/prefix_override:/usr/lib/python3/dist-packages/colcon_core/task/python/colcon_distutils_commands:/home/jongha/stretch_ros2_ws/install/stretch_simulation/lib/python3.10/site-packages:/home/jongha/stretch_ros2_ws/build/stretch_core:/home/jongha/stretch_ros2_ws/install/stretch_core/lib/python3.10/site-packages:/home/jongha/stretch_ros2_ws/build/hello_helpers/src:/home/jongha/stretch_ros2_ws/install/hello_helpers/lib/python3.10/site-packages:/home/jongha/stretch_ros2_ws/build/stretch_simulation:/home/jongha/stretch_ros2_ws/install/stretch_simulation/lib/python3.10/site-packages:/home/jongha/stretch_ros2_ws/install/stretch_nav2/local/lib/python3.10/dist-packages:/home/jongha/stretch_ros2_ws/build/stretch_funmap:/home/jongha/stretch_ros2_ws/install/stretch_funmap/lib/python3.10/site-packages:/home/jongha/stretch_ros2_ws/build/stretch_calibration:/home/jongha/stretch_ros2_ws/install/stretch_calibration/lib/python3.10/site-packages:/home/jongha/stretch_ros2_ws/build/stretch_demos:/home/jongha/stretch_ros2_ws/install/stretch_demos/lib/python3.10/site-packages:/home/jongha/stretch_ros2_ws/build/stretch_deep_perception:/home/jongha/stretch_ros2_ws/install/stretch_deep_perception/lib/python3.10/site-packages:/opt/ros/humble/lib/python3.10/site-packages:/opt/ros/humble/local/lib/python3.10/dist-packages /usr/bin/python3 -W ignore:setup.py install is deprecated -W ignore:easy_install command is deprecated setup.py develop --editable --build-directory /home/jongha/stretch_ros2_ws/build/stretch_simulation/build --no-deps symlink_data
[1.096s] running develop
[1.251s] running egg_info
[1.251s] creating stretch_simulation.egg-info
[1.251s] writing stretch_simulation.egg-info/PKG-INFO
[1.252s] writing dependency_links to stretch_simulation.egg-info/dependency_links.txt
[1.252s] writing entry points to stretch_simulation.egg-info/entry_points.txt
[1.252s] writing requirements to stretch_simulation.egg-info/requires.txt
[1.252s] writing top-level names to stretch_simulation.egg-info/top_level.txt
[1.252s] writing manifest file 'stretch_simulation.egg-info/SOURCES.txt'
[1.253s] reading manifest file 'stretch_simulation.egg-info/SOURCES.txt'
[1.254s] writing manifest file 'stretch_simulation.egg-info/SOURCES.txt'
[1.256s] running build_ext
[1.256s] Creating /home/jongha/stretch_ros2_ws/install/stretch_simulation/lib/python3.10/site-packages/stretch-simulation.egg-link (link to .)
[1.258s] Installing stretch_mujoco_driver script to /home/jongha/stretch_ros2_ws/install/stretch_simulation/lib/stretch_simulation
[1.258s] 
[1.258s] Installed /home/jongha/stretch_ros2_ws/build/stretch_simulation
[1.258s] running symlink_data
[1.258s] symbolically linking /home/jongha/stretch_ros2_ws/build/stretch_simulation/package.xml -> /home/jongha/stretch_ros2_ws/install/stretch_simulation/share/stretch_simulation
[1.258s] creating /home/jongha/stretch_ros2_ws/install/stretch_simulation/share/stretch_simulation/launch
[1.258s] symbolically linking /home/jongha/stretch_ros2_ws/build/stretch_simulation/launch/stretch_mujoco_driver.launch.py -> /home/jongha/stretch_ros2_ws/install/stretch_simulation/share/stretch_simulation/launch
[1.258s] symbolically linking /home/jongha/stretch_ros2_ws/build/stretch_simulation/launch/stretch_simulation_web_interface.launch.py -> /home/jongha/stretch_ros2_ws/install/stretch_simulation/share/stretch_simulation/launch
[1.258s] creating /home/jongha/stretch_ros2_ws/install/stretch_simulation/share/stretch_simulation/rviz
[1.258s] symbolically linking /home/jongha/stretch_ros2_ws/build/stretch_simulation/rviz/stretch_sim.rviz -> /home/jongha/stretch_ros2_ws/install/stretch_simulation/share/stretch_simulation/rviz
[1.289s] Invoked command in '/home/jongha/stretch_ros2_ws/build/stretch_simulation' returned '0': AMENT_PREFIX_PATH=/home/jongha/stretch_ros2_ws/install/stretch_core:/home/jongha/stretch_ros2_ws/install/hello_helpers:/home/jongha/stretch_ros2_ws/install/stretch_simulation:/home/jongha/stretch_ros2_ws/install/stretch_rtabmap:/home/jongha/stretch_ros2_ws/install/stretch_nav2:/home/jongha/stretch_ros2_ws/install/stretch_funmap:/home/jongha/stretch_ros2_ws/install/stretch_calibration:/home/jongha/stretch_ros2_ws/install/stretch_description:/home/jongha/stretch_ros2_ws/install/stretch_demos:/home/jongha/stretch_ros2_ws/install/stretch_deep_perception:/opt/ros/humble PYTHONPATH=/home/jongha/stretch_ros2_ws/build/stretch_simulation/prefix_override:/usr/lib/python3/dist-packages/colcon_core/task/python/colcon_distutils_commands:/home/jongha/stretch_ros2_ws/install/stretch_simulation/lib/python3.10/site-packages:/home/jongha/stretch_ros2_ws/build/stretch_core:/home/jongha/stretch_ros2_ws/install/stretch_core/lib/python3.10/site-packages:/home/jongha/stretch_ros2_ws/build/hello_helpers/src:/home/jongha/stretch_ros2_ws/install/hello_helpers/lib/python3.10/site-packages:/home/jongha/stretch_ros2_ws/build/stretch_simulation:/home/jongha/stretch_ros2_ws/install/stretch_simulation/lib/python3.10/site-packages:/home/jongha/stretch_ros2_ws/install/stretch_nav2/local/lib/python3.10/dist-packages:/home/jongha/stretch_ros2_ws/build/stretch_funmap:/home/jongha/stretch_ros2_ws/install/stretch_funmap/lib/python3.10/site-packages:/home/jongha/stretch_ros2_ws/build/stretch_calibration:/home/jongha/stretch_ros2_ws/install/stretch_calibration/lib/python3.10/site-packages:/home/jongha/stretch_ros2_ws/build/stretch_demos:/home/jongha/stretch_ros2_ws/install/stretch_demos/lib/python3.10/site-packages:/home/jongha/stretch_ros2_ws/build/stretch_deep_perception:/home/jongha/stretch_ros2_ws/install/stretch_deep_perception/lib/python3.10/site-packages:/opt/ros/humble/lib/python3.10/site-packages:/opt/ros/humble/local/lib/python3.10/dist-packages /usr/bin/python3 -W ignore:setup.py install is deprecated -W ignore:easy_install command is deprecated setup.py develop --editable --build-directory /home/jongha/stretch_ros2_ws/build/stretch_simulation/build --no-deps symlink_data
