[0.569s] Invoking command in '/home/jongha/Desktop/GitHub/visually-impaired-navigation-robot/src/blind_nav_system': PYTHONPATH=/home/jongha/Desktop/GitHub/visually-impaired-navigation-robot/build/blind_nav_system/prefix_override:/usr/lib/python3/dist-packages/colcon_core/task/python/colcon_distutils_commands:/home/jongha/Desktop/GitHub/visually-impaired-navigation-robot/install/blind_nav_system/lib/python3.10/site-packages:${PYTHONPATH} /usr/bin/python3 -W ignore:setup.py install is deprecated -W ignore:easy_install command is deprecated setup.py egg_info --egg-base ../../build/blind_nav_system build --build-base /home/jongha/Desktop/GitHub/visually-impaired-navigation-robot/build/blind_nav_system/build install --record /home/jongha/Desktop/GitHub/visually-impaired-navigation-robot/build/blind_nav_system/install.log --single-version-externally-managed install_data
[0.863s] running egg_info
[0.864s] creating ../../build/blind_nav_system/blind_nav_system.egg-info
[0.864s] writing ../../build/blind_nav_system/blind_nav_system.egg-info/PKG-INFO
[0.864s] writing dependency_links to ../../build/blind_nav_system/blind_nav_system.egg-info/dependency_links.txt
[0.864s] writing entry points to ../../build/blind_nav_system/blind_nav_system.egg-info/entry_points.txt
[0.864s] writing requirements to ../../build/blind_nav_system/blind_nav_system.egg-info/requires.txt
[0.864s] writing top-level names to ../../build/blind_nav_system/blind_nav_system.egg-info/top_level.txt
[0.864s] writing manifest file '../../build/blind_nav_system/blind_nav_system.egg-info/SOURCES.txt'
[0.866s] reading manifest file '../../build/blind_nav_system/blind_nav_system.egg-info/SOURCES.txt'
[0.867s] writing manifest file '../../build/blind_nav_system/blind_nav_system.egg-info/SOURCES.txt'
[0.867s] running build
[0.867s] running build_py
[0.868s] creating /home/jongha/Desktop/GitHub/visually-impaired-navigation-robot/build/blind_nav_system/build
[0.868s] creating /home/jongha/Desktop/GitHub/visually-impaired-navigation-robot/build/blind_nav_system/build/lib
[0.868s] creating /home/jongha/Desktop/GitHub/visually-impaired-navigation-robot/build/blind_nav_system/build/lib/blind_nav_system
[0.868s] copying blind_nav_system/voice_interface.py -> /home/jongha/Desktop/GitHub/visually-impaired-navigation-robot/build/blind_nav_system/build/lib/blind_nav_system
[0.868s] copying blind_nav_system/sensor_monitor.py -> /home/jongha/Desktop/GitHub/visually-impaired-navigation-robot/build/blind_nav_system/build/lib/blind_nav_system
[0.868s] copying blind_nav_system/__init__.py -> /home/jongha/Desktop/GitHub/visually-impaired-navigation-robot/build/blind_nav_system/build/lib/blind_nav_system
[0.868s] copying blind_nav_system/main_state_machine.py -> /home/jongha/Desktop/GitHub/visually-impaired-navigation-robot/build/blind_nav_system/build/lib/blind_nav_system
[0.868s] copying blind_nav_system/navigation_client.py -> /home/jongha/Desktop/GitHub/visually-impaired-navigation-robot/build/blind_nav_system/build/lib/blind_nav_system
[0.868s] running install
[0.869s] running install_lib
[0.870s] creating /home/jongha/Desktop/GitHub/visually-impaired-navigation-robot/install/blind_nav_system/lib/python3.10/site-packages/blind_nav_system
[0.870s] copying /home/jongha/Desktop/GitHub/visually-impaired-navigation-robot/build/blind_nav_system/build/lib/blind_nav_system/voice_interface.py -> /home/jongha/Desktop/GitHub/visually-impaired-navigation-robot/install/blind_nav_system/lib/python3.10/site-packages/blind_nav_system
[0.870s] copying /home/jongha/Desktop/GitHub/visually-impaired-navigation-robot/build/blind_nav_system/build/lib/blind_nav_system/sensor_monitor.py -> /home/jongha/Desktop/GitHub/visually-impaired-navigation-robot/install/blind_nav_system/lib/python3.10/site-packages/blind_nav_system
[0.870s] copying /home/jongha/Desktop/GitHub/visually-impaired-navigation-robot/build/blind_nav_system/build/lib/blind_nav_system/__init__.py -> /home/jongha/Desktop/GitHub/visually-impaired-navigation-robot/install/blind_nav_system/lib/python3.10/site-packages/blind_nav_system
[0.870s] copying /home/jongha/Desktop/GitHub/visually-impaired-navigation-robot/build/blind_nav_system/build/lib/blind_nav_system/main_state_machine.py -> /home/jongha/Desktop/GitHub/visually-impaired-navigation-robot/install/blind_nav_system/lib/python3.10/site-packages/blind_nav_system
[0.870s] copying /home/jongha/Desktop/GitHub/visually-impaired-navigation-robot/build/blind_nav_system/build/lib/blind_nav_system/navigation_client.py -> /home/jongha/Desktop/GitHub/visually-impaired-navigation-robot/install/blind_nav_system/lib/python3.10/site-packages/blind_nav_system
[0.870s] byte-compiling /home/jongha/Desktop/GitHub/visually-impaired-navigation-robot/install/blind_nav_system/lib/python3.10/site-packages/blind_nav_system/voice_interface.py to voice_interface.cpython-310.pyc
[0.871s] byte-compiling /home/jongha/Desktop/GitHub/visually-impaired-navigation-robot/install/blind_nav_system/lib/python3.10/site-packages/blind_nav_system/sensor_monitor.py to sensor_monitor.cpython-310.pyc
[0.871s] byte-compiling /home/jongha/Desktop/GitHub/visually-impaired-navigation-robot/install/blind_nav_system/lib/python3.10/site-packages/blind_nav_system/__init__.py to __init__.cpython-310.pyc
[0.871s] byte-compiling /home/jongha/Desktop/GitHub/visually-impaired-navigation-robot/install/blind_nav_system/lib/python3.10/site-packages/blind_nav_system/main_state_machine.py to main_state_machine.cpython-310.pyc
[0.872s] byte-compiling /home/jongha/Desktop/GitHub/visually-impaired-navigation-robot/install/blind_nav_system/lib/python3.10/site-packages/blind_nav_system/navigation_client.py to navigation_client.cpython-310.pyc
[0.872s] running install_data
[0.873s] creating /home/jongha/Desktop/GitHub/visually-impaired-navigation-robot/install/blind_nav_system/share/ament_index
[0.873s] creating /home/jongha/Desktop/GitHub/visually-impaired-navigation-robot/install/blind_nav_system/share/ament_index/resource_index
[0.873s] creating /home/jongha/Desktop/GitHub/visually-impaired-navigation-robot/install/blind_nav_system/share/ament_index/resource_index/packages
[0.873s] copying resource/blind_nav_system -> /home/jongha/Desktop/GitHub/visually-impaired-navigation-robot/install/blind_nav_system/share/ament_index/resource_index/packages
[0.873s] copying package.xml -> /home/jongha/Desktop/GitHub/visually-impaired-navigation-robot/install/blind_nav_system/share/blind_nav_system
[0.873s] running install_egg_info
[0.875s] Copying ../../build/blind_nav_system/blind_nav_system.egg-info to /home/jongha/Desktop/GitHub/visually-impaired-navigation-robot/install/blind_nav_system/lib/python3.10/site-packages/blind_nav_system-0.0.0-py3.10.egg-info
[0.875s] running install_scripts
[0.898s] Installing main_state_machine script to /home/jongha/Desktop/GitHub/visually-impaired-navigation-robot/install/blind_nav_system/lib/blind_nav_system
[0.898s] Installing navigation_client script to /home/jongha/Desktop/GitHub/visually-impaired-navigation-robot/install/blind_nav_system/lib/blind_nav_system
[0.898s] Installing sensor_monitor script to /home/jongha/Desktop/GitHub/visually-impaired-navigation-robot/install/blind_nav_system/lib/blind_nav_system
[0.898s] Installing voice_interface script to /home/jongha/Desktop/GitHub/visually-impaired-navigation-robot/install/blind_nav_system/lib/blind_nav_system
[0.898s] writing list of installed files to '/home/jongha/Desktop/GitHub/visually-impaired-navigation-robot/build/blind_nav_system/install.log'
[0.924s] Invoked command in '/home/jongha/Desktop/GitHub/visually-impaired-navigation-robot/src/blind_nav_system' returned '0': PYTHONPATH=/home/jongha/Desktop/GitHub/visually-impaired-navigation-robot/build/blind_nav_system/prefix_override:/usr/lib/python3/dist-packages/colcon_core/task/python/colcon_distutils_commands:/home/jongha/Desktop/GitHub/visually-impaired-navigation-robot/install/blind_nav_system/lib/python3.10/site-packages:${PYTHONPATH} /usr/bin/python3 -W ignore:setup.py install is deprecated -W ignore:easy_install command is deprecated setup.py egg_info --egg-base ../../build/blind_nav_system build --build-base /home/jongha/Desktop/GitHub/visually-impaired-navigation-robot/build/blind_nav_system/build install --record /home/jongha/Desktop/GitHub/visually-impaired-navigation-robot/build/blind_nav_system/install.log --single-version-externally-managed install_data
