[0.673s] Invoking command in '/home/jongha/Desktop/GitHub/visually-impaired-navigation-robot/src/blind_nav_system': PYTHONPATH=/home/jongha/Desktop/GitHub/visually-impaired-navigation-robot/src/blind_nav_system/build/blind_nav_system/prefix_override:/usr/lib/python3/dist-packages/colcon_core/task/python/colcon_distutils_commands:/home/jongha/Desktop/GitHub/visually-impaired-navigation-robot/src/blind_nav_system/install/blind_nav_system/lib/python3.10/site-packages:${PYTHONPATH} /usr/bin/python3 -W ignore:setup.py install is deprecated -W ignore:easy_install command is deprecated setup.py egg_info --egg-base build/blind_nav_system build --build-base /home/jongha/Desktop/GitHub/visually-impaired-navigation-robot/src/blind_nav_system/build/blind_nav_system/build install --record /home/jongha/Desktop/GitHub/visually-impaired-navigation-robot/src/blind_nav_system/build/blind_nav_system/install.log --single-version-externally-managed install_data
[0.869s] running egg_info
[0.870s] writing build/blind_nav_system/blind_nav_system.egg-info/PKG-INFO
[0.870s] writing dependency_links to build/blind_nav_system/blind_nav_system.egg-info/dependency_links.txt
[0.870s] writing entry points to build/blind_nav_system/blind_nav_system.egg-info/entry_points.txt
[0.870s] writing requirements to build/blind_nav_system/blind_nav_system.egg-info/requires.txt
[0.870s] writing top-level names to build/blind_nav_system/blind_nav_system.egg-info/top_level.txt
[0.872s] reading manifest file 'build/blind_nav_system/blind_nav_system.egg-info/SOURCES.txt'
[0.873s] writing manifest file 'build/blind_nav_system/blind_nav_system.egg-info/SOURCES.txt'
[0.873s] running build
[0.873s] running build_py
[0.873s] copying blind_nav_system/navigation_client.py -> /home/jongha/Desktop/GitHub/visually-impaired-navigation-robot/src/blind_nav_system/build/blind_nav_system/build/lib/blind_nav_system
[0.873s] running install
[0.875s] running install_lib
[0.875s] copying /home/jongha/Desktop/GitHub/visually-impaired-navigation-robot/src/blind_nav_system/build/blind_nav_system/build/lib/blind_nav_system/navigation_client.py -> /home/jongha/Desktop/GitHub/visually-impaired-navigation-robot/src/blind_nav_system/install/blind_nav_system/lib/python3.10/site-packages/blind_nav_system
[0.875s] byte-compiling /home/jongha/Desktop/GitHub/visually-impaired-navigation-robot/src/blind_nav_system/install/blind_nav_system/lib/python3.10/site-packages/blind_nav_system/navigation_client.py to navigation_client.cpython-310.pyc
[0.876s] running install_data
[0.876s] running install_egg_info
[0.878s] removing '/home/jongha/Desktop/GitHub/visually-impaired-navigation-robot/src/blind_nav_system/install/blind_nav_system/lib/python3.10/site-packages/blind_nav_system-0.0.0-py3.10.egg-info' (and everything under it)
[0.878s] Copying build/blind_nav_system/blind_nav_system.egg-info to /home/jongha/Desktop/GitHub/visually-impaired-navigation-robot/src/blind_nav_system/install/blind_nav_system/lib/python3.10/site-packages/blind_nav_system-0.0.0-py3.10.egg-info
[0.879s] running install_scripts
[0.901s] Installing main_state_machine script to /home/jongha/Desktop/GitHub/visually-impaired-navigation-robot/src/blind_nav_system/install/blind_nav_system/lib/blind_nav_system
[0.901s] Installing navigation_client script to /home/jongha/Desktop/GitHub/visually-impaired-navigation-robot/src/blind_nav_system/install/blind_nav_system/lib/blind_nav_system
[0.901s] Installing sensor_monitor script to /home/jongha/Desktop/GitHub/visually-impaired-navigation-robot/src/blind_nav_system/install/blind_nav_system/lib/blind_nav_system
[0.901s] Installing voice_interface script to /home/jongha/Desktop/GitHub/visually-impaired-navigation-robot/src/blind_nav_system/install/blind_nav_system/lib/blind_nav_system
[0.901s] writing list of installed files to '/home/jongha/Desktop/GitHub/visually-impaired-navigation-robot/src/blind_nav_system/build/blind_nav_system/install.log'
[0.926s] Invoked command in '/home/jongha/Desktop/GitHub/visually-impaired-navigation-robot/src/blind_nav_system' returned '0': PYTHONPATH=/home/jongha/Desktop/GitHub/visually-impaired-navigation-robot/src/blind_nav_system/build/blind_nav_system/prefix_override:/usr/lib/python3/dist-packages/colcon_core/task/python/colcon_distutils_commands:/home/jongha/Desktop/GitHub/visually-impaired-navigation-robot/src/blind_nav_system/install/blind_nav_system/lib/python3.10/site-packages:${PYTHONPATH} /usr/bin/python3 -W ignore:setup.py install is deprecated -W ignore:easy_install command is deprecated setup.py egg_info --egg-base build/blind_nav_system build --build-base /home/jongha/Desktop/GitHub/visually-impaired-navigation-robot/src/blind_nav_system/build/blind_nav_system/build install --record /home/jongha/Desktop/GitHub/visually-impaired-navigation-robot/src/blind_nav_system/build/blind_nav_system/install.log --single-version-externally-managed install_data
