[0.647s] Invoking command in '/home/jongha/stretch_ros2_ws/build/stretch_core': AMENT_PREFIX_PATH=/home/jongha/stretch_ros2_ws/install/hello_helpers:/home/jongha/stretch_ros2_ws/install/stretch_simulation:/home/jongha/stretch_ros2_ws/install/stretch_rtabmap:/home/jongha/stretch_ros2_ws/install/stretch_nav2:/home/jongha/stretch_ros2_ws/install/stretch_funmap:/home/jongha/stretch_ros2_ws/install/stretch_calibration:/home/jongha/stretch_ros2_ws/install/stretch_description:/home/jongha/stretch_ros2_ws/install/stretch_demos:/home/jongha/stretch_ros2_ws/install/stretch_deep_perception:/home/jongha/stretch_ros2_ws/install/stretch_core:/opt/ros/humble PYTHONPATH=/home/jongha/stretch_ros2_ws/build/stretch_core/prefix_override:/usr/lib/python3/dist-packages/colcon_core/task/python/colcon_distutils_commands:/home/jongha/stretch_ros2_ws/install/stretch_core/lib/python3.10/site-packages:/home/jongha/stretch_ros2_ws/build/hello_helpers/src:/home/jongha/stretch_ros2_ws/install/hello_helpers/lib/python3.10/site-packages:/home/jongha/stretch_ros2_ws/build/stretch_simulation:/home/jongha/stretch_ros2_ws/install/stretch_simulation/lib/python3.10/site-packages:/home/jongha/stretch_ros2_ws/install/stretch_nav2/local/lib/python3.10/dist-packages:/home/jongha/stretch_ros2_ws/build/stretch_funmap:/home/jongha/stretch_ros2_ws/install/stretch_funmap/lib/python3.10/site-packages:/home/jongha/stretch_ros2_ws/build/stretch_calibration:/home/jongha/stretch_ros2_ws/install/stretch_calibration/lib/python3.10/site-packages:/home/jongha/stretch_ros2_ws/build/stretch_demos:/home/jongha/stretch_ros2_ws/install/stretch_demos/lib/python3.10/site-packages:/home/jongha/stretch_ros2_ws/build/stretch_deep_perception:/home/jongha/stretch_ros2_ws/install/stretch_deep_perception/lib/python3.10/site-packages:/home/jongha/stretch_ros2_ws/build/stretch_core:/home/jongha/stretch_ros2_ws/install/stretch_core/lib/python3.10/site-packages:/opt/ros/humble/lib/python3.10/site-packages:/opt/ros/humble/local/lib/python3.10/dist-packages /usr/bin/python3 -W ignore:setup.py install is deprecated -W ignore:easy_install command is deprecated setup.py develop --editable --build-directory /home/jongha/stretch_ros2_ws/build/stretch_core/build --no-deps symlink_data
[0.857s] running develop
[0.984s] running egg_info
[0.984s] creating stretch_core.egg-info
[0.984s] writing stretch_core.egg-info/PKG-INFO
[0.984s] writing dependency_links to stretch_core.egg-info/dependency_links.txt
[0.984s] writing entry points to stretch_core.egg-info/entry_points.txt
[0.984s] writing requirements to stretch_core.egg-info/requires.txt
[0.985s] writing top-level names to stretch_core.egg-info/top_level.txt
[0.985s] writing manifest file 'stretch_core.egg-info/SOURCES.txt'
[0.986s] reading manifest file 'stretch_core.egg-info/SOURCES.txt'
[0.987s] writing manifest file 'stretch_core.egg-info/SOURCES.txt'
[0.988s] running build_ext
[0.988s] Creating /home/jongha/stretch_ros2_ws/install/stretch_core/lib/python3.10/site-packages/stretch-core.egg-link (link to .)
[0.989s] Installing align_to_aruco script to /home/jongha/stretch_ros2_ws/install/stretch_core/lib/stretch_core
[0.990s] Installing avoider script to /home/jongha/stretch_ros2_ws/install/stretch_core/lib/stretch_core
[0.990s] Installing d435i_accel_correction script to /home/jongha/stretch_ros2_ws/install/stretch_core/lib/stretch_core
[0.990s] Installing detect_aruco_markers script to /home/jongha/stretch_ros2_ws/install/stretch_core/lib/stretch_core
[0.990s] Installing keyboard_teleop script to /home/jongha/stretch_ros2_ws/install/stretch_core/lib/stretch_core
[0.990s] Installing remote_gamepad script to /home/jongha/stretch_ros2_ws/install/stretch_core/lib/stretch_core
[0.990s] Installing stretch_driver script to /home/jongha/stretch_ros2_ws/install/stretch_core/lib/stretch_core
[0.990s] Installing usb_cam script to /home/jongha/stretch_ros2_ws/install/stretch_core/lib/stretch_core
[0.991s] 
[0.991s] Installed /home/jongha/stretch_ros2_ws/build/stretch_core
[0.991s] running symlink_data
[0.991s] creating /home/jongha/stretch_ros2_ws/install/stretch_core/share/ament_index
[0.991s] creating /home/jongha/stretch_ros2_ws/install/stretch_core/share/ament_index/resource_index
[0.991s] creating /home/jongha/stretch_ros2_ws/install/stretch_core/share/ament_index/resource_index/packages
[0.991s] symbolically linking /home/jongha/stretch_ros2_ws/build/stretch_core/resource/stretch_core -> /home/jongha/stretch_ros2_ws/install/stretch_core/share/ament_index/resource_index/packages
[0.991s] symbolically linking /home/jongha/stretch_ros2_ws/build/stretch_core/package.xml -> /home/jongha/stretch_ros2_ws/install/stretch_core/share/stretch_core
[0.992s] creating /home/jongha/stretch_ros2_ws/install/stretch_core/share/stretch_core/launch
[0.992s] symbolically linking /home/jongha/stretch_ros2_ws/build/stretch_core/launch/stretch_realsense.launch.py -> /home/jongha/stretch_ros2_ws/install/stretch_core/share/stretch_core/launch
[0.992s] symbolically linking /home/jongha/stretch_ros2_ws/build/stretch_core/launch/d435i_basic.launch.py -> /home/jongha/stretch_ros2_ws/install/stretch_core/share/stretch_core/launch
[0.992s] symbolically linking /home/jongha/stretch_ros2_ws/build/stretch_core/launch/beta_navigation_camera.launch.py -> /home/jongha/stretch_ros2_ws/install/stretch_core/share/stretch_core/launch
[0.992s] symbolically linking /home/jongha/stretch_ros2_ws/build/stretch_core/launch/multi_camera.launch.py -> /home/jongha/stretch_ros2_ws/install/stretch_core/share/stretch_core/launch
[0.992s] symbolically linking /home/jongha/stretch_ros2_ws/build/stretch_core/launch/stretch_aruco.launch.py -> /home/jongha/stretch_ros2_ws/install/stretch_core/share/stretch_core/launch
[0.992s] symbolically linking /home/jongha/stretch_ros2_ws/build/stretch_core/launch/navigation_camera.launch.py -> /home/jongha/stretch_ros2_ws/install/stretch_core/share/stretch_core/launch
[0.992s] symbolically linking /home/jongha/stretch_ros2_ws/build/stretch_core/launch/beta_gripper_camera.launch.py -> /home/jongha/stretch_ros2_ws/install/stretch_core/share/stretch_core/launch
[0.992s] symbolically linking /home/jongha/stretch_ros2_ws/build/stretch_core/launch/d405_basic.launch.py -> /home/jongha/stretch_ros2_ws/install/stretch_core/share/stretch_core/launch
[0.993s] symbolically linking /home/jongha/stretch_ros2_ws/build/stretch_core/launch/rplidar.launch.py -> /home/jongha/stretch_ros2_ws/install/stretch_core/share/stretch_core/launch
[0.993s] symbolically linking /home/jongha/stretch_ros2_ws/build/stretch_core/launch/align_to_aruco.launch.py -> /home/jongha/stretch_ros2_ws/install/stretch_core/share/stretch_core/launch
[0.993s] symbolically linking /home/jongha/stretch_ros2_ws/build/stretch_core/launch/rplidar_keepout.launch.py -> /home/jongha/stretch_ros2_ws/install/stretch_core/share/stretch_core/launch
[0.993s] symbolically linking /home/jongha/stretch_ros2_ws/build/stretch_core/launch/stretch_driver.launch.py -> /home/jongha/stretch_ros2_ws/install/stretch_core/share/stretch_core/launch
[0.993s] symbolically linking /home/jongha/stretch_ros2_ws/build/stretch_core/launch/d435i_high_resolution.launch.py -> /home/jongha/stretch_ros2_ws/install/stretch_core/share/stretch_core/launch
[0.993s] symbolically linking /home/jongha/stretch_ros2_ws/build/stretch_core/launch/d435i_low_resolution.launch.py -> /home/jongha/stretch_ros2_ws/install/stretch_core/share/stretch_core/launch
[0.993s] creating /home/jongha/stretch_ros2_ws/install/stretch_core/share/stretch_core/config
[0.993s] symbolically linking /home/jongha/stretch_ros2_ws/build/stretch_core/config/laser_filter_params.yaml -> /home/jongha/stretch_ros2_ws/install/stretch_core/share/stretch_core/config
[0.993s] symbolically linking /home/jongha/stretch_ros2_ws/build/stretch_core/config/controller_calibration_head_factory_default.yaml -> /home/jongha/stretch_ros2_ws/install/stretch_core/share/stretch_core/config
[0.993s] symbolically linking /home/jongha/stretch_ros2_ws/build/stretch_core/config/HighAccuracyPreset.json -> /home/jongha/stretch_ros2_ws/install/stretch_core/share/stretch_core/config
[0.994s] symbolically linking /home/jongha/stretch_ros2_ws/build/stretch_core/config/stretch_marker_dict.yaml -> /home/jongha/stretch_ros2_ws/install/stretch_core/share/stretch_core/config
[0.994s] creating /home/jongha/stretch_ros2_ws/install/stretch_core/share/stretch_core/rviz
[0.994s] symbolically linking /home/jongha/stretch_ros2_ws/build/stretch_core/rviz/stretch_simple_test.rviz -> /home/jongha/stretch_ros2_ws/install/stretch_core/share/stretch_core/rviz
[1.030s] Invoked command in '/home/jongha/stretch_ros2_ws/build/stretch_core' returned '0': AMENT_PREFIX_PATH=/home/jongha/stretch_ros2_ws/install/hello_helpers:/home/jongha/stretch_ros2_ws/install/stretch_simulation:/home/jongha/stretch_ros2_ws/install/stretch_rtabmap:/home/jongha/stretch_ros2_ws/install/stretch_nav2:/home/jongha/stretch_ros2_ws/install/stretch_funmap:/home/jongha/stretch_ros2_ws/install/stretch_calibration:/home/jongha/stretch_ros2_ws/install/stretch_description:/home/jongha/stretch_ros2_ws/install/stretch_demos:/home/jongha/stretch_ros2_ws/install/stretch_deep_perception:/home/jongha/stretch_ros2_ws/install/stretch_core:/opt/ros/humble PYTHONPATH=/home/jongha/stretch_ros2_ws/build/stretch_core/prefix_override:/usr/lib/python3/dist-packages/colcon_core/task/python/colcon_distutils_commands:/home/jongha/stretch_ros2_ws/install/stretch_core/lib/python3.10/site-packages:/home/jongha/stretch_ros2_ws/build/hello_helpers/src:/home/jongha/stretch_ros2_ws/install/hello_helpers/lib/python3.10/site-packages:/home/jongha/stretch_ros2_ws/build/stretch_simulation:/home/jongha/stretch_ros2_ws/install/stretch_simulation/lib/python3.10/site-packages:/home/jongha/stretch_ros2_ws/install/stretch_nav2/local/lib/python3.10/dist-packages:/home/jongha/stretch_ros2_ws/build/stretch_funmap:/home/jongha/stretch_ros2_ws/install/stretch_funmap/lib/python3.10/site-packages:/home/jongha/stretch_ros2_ws/build/stretch_calibration:/home/jongha/stretch_ros2_ws/install/stretch_calibration/lib/python3.10/site-packages:/home/jongha/stretch_ros2_ws/build/stretch_demos:/home/jongha/stretch_ros2_ws/install/stretch_demos/lib/python3.10/site-packages:/home/jongha/stretch_ros2_ws/build/stretch_deep_perception:/home/jongha/stretch_ros2_ws/install/stretch_deep_perception/lib/python3.10/site-packages:/home/jongha/stretch_ros2_ws/build/stretch_core:/home/jongha/stretch_ros2_ws/install/stretch_core/lib/python3.10/site-packages:/opt/ros/humble/lib/python3.10/site-packages:/opt/ros/humble/local/lib/python3.10/dist-packages /usr/bin/python3 -W ignore:setup.py install is deprecated -W ignore:easy_install command is deprecated setup.py develop --editable --build-directory /home/jongha/stretch_ros2_ws/build/stretch_core/build --no-deps symlink_data
