/home/jongha/Desktop/GitHub/visually-impaired-navigation-robot/install/blind_nav_system/lib/python3.10/site-packages/blind_nav_system/voice_interface.py
/home/jongha/Desktop/GitHub/visually-impaired-navigation-robot/install/blind_nav_system/lib/python3.10/site-packages/blind_nav_system/sensor_monitor.py
/home/jongha/Desktop/GitHub/visually-impaired-navigation-robot/install/blind_nav_system/lib/python3.10/site-packages/blind_nav_system/__init__.py
/home/jongha/Desktop/GitHub/visually-impaired-navigation-robot/install/blind_nav_system/lib/python3.10/site-packages/blind_nav_system/main_state_machine.py
/home/jongha/Desktop/GitHub/visually-impaired-navigation-robot/install/blind_nav_system/lib/python3.10/site-packages/blind_nav_system/navigation_client.py
/home/jongha/Desktop/GitHub/visually-impaired-navigation-robot/install/blind_nav_system/lib/python3.10/site-packages/blind_nav_system/__pycache__/voice_interface.cpython-310.pyc
/home/jongha/Desktop/GitHub/visually-impaired-navigation-robot/install/blind_nav_system/lib/python3.10/site-packages/blind_nav_system/__pycache__/sensor_monitor.cpython-310.pyc
/home/jongha/Desktop/GitHub/visually-impaired-navigation-robot/install/blind_nav_system/lib/python3.10/site-packages/blind_nav_system/__pycache__/__init__.cpython-310.pyc
/home/jongha/Desktop/GitHub/visually-impaired-navigation-robot/install/blind_nav_system/lib/python3.10/site-packages/blind_nav_system/__pycache__/main_state_machine.cpython-310.pyc
/home/jongha/Desktop/GitHub/visually-impaired-navigation-robot/install/blind_nav_system/lib/python3.10/site-packages/blind_nav_system/__pycache__/navigation_client.cpython-310.pyc
/home/jongha/Desktop/GitHub/visually-impaired-navigation-robot/install/blind_nav_system/share/ament_index/resource_index/packages/blind_nav_system
/home/jongha/Desktop/GitHub/visually-impaired-navigation-robot/install/blind_nav_system/share/blind_nav_system/package.xml
/home/jongha/Desktop/GitHub/visually-impaired-navigation-robot/install/blind_nav_system/lib/python3.10/site-packages/blind_nav_system-0.0.0-py3.10.egg-info/entry_points.txt
/home/jongha/Desktop/GitHub/visually-impaired-navigation-robot/install/blind_nav_system/lib/python3.10/site-packages/blind_nav_system-0.0.0-py3.10.egg-info/requires.txt
/home/jongha/Desktop/GitHub/visually-impaired-navigation-robot/install/blind_nav_system/lib/python3.10/site-packages/blind_nav_system-0.0.0-py3.10.egg-info/zip-safe
/home/jongha/Desktop/GitHub/visually-impaired-navigation-robot/install/blind_nav_system/lib/python3.10/site-packages/blind_nav_system-0.0.0-py3.10.egg-info/SOURCES.txt
/home/jongha/Desktop/GitHub/visually-impaired-navigation-robot/install/blind_nav_system/lib/python3.10/site-packages/blind_nav_system-0.0.0-py3.10.egg-info/dependency_links.txt
/home/jongha/Desktop/GitHub/visually-impaired-navigation-robot/install/blind_nav_system/lib/python3.10/site-packages/blind_nav_system-0.0.0-py3.10.egg-info/PKG-INFO
/home/jongha/Desktop/GitHub/visually-impaired-navigation-robot/install/blind_nav_system/lib/python3.10/site-packages/blind_nav_system-0.0.0-py3.10.egg-info/top_level.txt
/home/jongha/Desktop/GitHub/visually-impaired-navigation-robot/install/blind_nav_system/lib/blind_nav_system/main_state_machine
/home/jongha/Desktop/GitHub/visually-impaired-navigation-robot/install/blind_nav_system/lib/blind_nav_system/navigation_client
/home/jongha/Desktop/GitHub/visually-impaired-navigation-robot/install/blind_nav_system/lib/blind_nav_system/sensor_monitor
/home/jongha/Desktop/GitHub/visually-impaired-navigation-robot/install/blind_nav_system/lib/blind_nav_system/voice_interface
