[0.772s] Invoking command in '/home/jongha/Desktop/GitHub/visually-impaired-navigation-robot/build/blind_nav_system': PYTHONPATH=/home/jongha/Desktop/GitHub/visually-impaired-navigation-robot/build/blind_nav_system/prefix_override:/usr/lib/python3/dist-packages/colcon_core/task/python/colcon_distutils_commands:/home/jongha/Desktop/GitHub/visually-impaired-navigation-robot/install/blind_nav_system/lib/python3.10/site-packages:${PYTHONPATH} /usr/bin/python3 -W ignore:setup.py install is deprecated -W ignore:easy_install command is deprecated setup.py develop --uninstall --editable --build-directory /home/jongha/Desktop/GitHub/visually-impaired-navigation-robot/build/blind_nav_system/build
[1.121s] running develop
[1.306s] Removing /home/jongha/Desktop/GitHub/visually-impaired-navigation-robot/install/blind_nav_system/lib/python3.10/site-packages/blind-nav-system.egg-link (link to .)
[1.354s] Invoked command in '/home/jongha/Desktop/GitHub/visually-impaired-navigation-robot/build/blind_nav_system' returned '0': PYTHONPATH=/home/jongha/Desktop/GitHub/visually-impaired-navigation-robot/build/blind_nav_system/prefix_override:/usr/lib/python3/dist-packages/colcon_core/task/python/colcon_distutils_commands:/home/jongha/Desktop/GitHub/visually-impaired-navigation-robot/install/blind_nav_system/lib/python3.10/site-packages:${PYTHONPATH} /usr/bin/python3 -W ignore:setup.py install is deprecated -W ignore:easy_install command is deprecated setup.py develop --uninstall --editable --build-directory /home/jongha/Desktop/GitHub/visually-impaired-navigation-robot/build/blind_nav_system/build
[1.357s] Invoking command in '/home/jongha/Desktop/GitHub/visually-impaired-navigation-robot/src/blind_nav_system': PYTHONPATH=/home/jongha/Desktop/GitHub/visually-impaired-navigation-robot/build/blind_nav_system/prefix_override:/usr/lib/python3/dist-packages/colcon_core/task/python/colcon_distutils_commands:/home/jongha/Desktop/GitHub/visually-impaired-navigation-robot/install/blind_nav_system/lib/python3.10/site-packages:${PYTHONPATH} /usr/bin/python3 -W ignore:setup.py install is deprecated -W ignore:easy_install command is deprecated setup.py egg_info --egg-base ../../build/blind_nav_system build --build-base /home/jongha/Desktop/GitHub/visually-impaired-navigation-robot/build/blind_nav_system/build install --record /home/jongha/Desktop/GitHub/visually-impaired-navigation-robot/build/blind_nav_system/install.log --single-version-externally-managed install_data --force
[1.641s] running egg_info
[1.642s] writing ../../build/blind_nav_system/blind_nav_system.egg-info/PKG-INFO
[1.642s] writing dependency_links to ../../build/blind_nav_system/blind_nav_system.egg-info/dependency_links.txt
[1.643s] writing entry points to ../../build/blind_nav_system/blind_nav_system.egg-info/entry_points.txt
[1.643s] writing requirements to ../../build/blind_nav_system/blind_nav_system.egg-info/requires.txt
[1.643s] writing top-level names to ../../build/blind_nav_system/blind_nav_system.egg-info/top_level.txt
[1.645s] reading manifest file '../../build/blind_nav_system/blind_nav_system.egg-info/SOURCES.txt'
[1.646s] writing manifest file '../../build/blind_nav_system/blind_nav_system.egg-info/SOURCES.txt'
[1.646s] running build
[1.647s] running build_py
[1.647s] copying blind_nav_system/main_state_machine.py -> /home/jongha/Desktop/GitHub/visually-impaired-navigation-robot/build/blind_nav_system/build/lib/blind_nav_system
[1.647s] copying blind_nav_system/navigation_client.py -> /home/jongha/Desktop/GitHub/visually-impaired-navigation-robot/build/blind_nav_system/build/lib/blind_nav_system
[1.647s] running install
[1.648s] running install_lib
[1.649s] creating /home/jongha/Desktop/GitHub/visually-impaired-navigation-robot/install/blind_nav_system/lib/python3.10/site-packages/blind_nav_system
[1.649s] copying /home/jongha/Desktop/GitHub/visually-impaired-navigation-robot/build/blind_nav_system/build/lib/blind_nav_system/voice_interface.py -> /home/jongha/Desktop/GitHub/visually-impaired-navigation-robot/install/blind_nav_system/lib/python3.10/site-packages/blind_nav_system
[1.649s] copying /home/jongha/Desktop/GitHub/visually-impaired-navigation-robot/build/blind_nav_system/build/lib/blind_nav_system/sensor_monitor.py -> /home/jongha/Desktop/GitHub/visually-impaired-navigation-robot/install/blind_nav_system/lib/python3.10/site-packages/blind_nav_system
[1.649s] copying /home/jongha/Desktop/GitHub/visually-impaired-navigation-robot/build/blind_nav_system/build/lib/blind_nav_system/__init__.py -> /home/jongha/Desktop/GitHub/visually-impaired-navigation-robot/install/blind_nav_system/lib/python3.10/site-packages/blind_nav_system
[1.650s] copying /home/jongha/Desktop/GitHub/visually-impaired-navigation-robot/build/blind_nav_system/build/lib/blind_nav_system/main_state_machine.py -> /home/jongha/Desktop/GitHub/visually-impaired-navigation-robot/install/blind_nav_system/lib/python3.10/site-packages/blind_nav_system
[1.650s] copying /home/jongha/Desktop/GitHub/visually-impaired-navigation-robot/build/blind_nav_system/build/lib/blind_nav_system/navigation_client.py -> /home/jongha/Desktop/GitHub/visually-impaired-navigation-robot/install/blind_nav_system/lib/python3.10/site-packages/blind_nav_system
[1.650s] byte-compiling /home/jongha/Desktop/GitHub/visually-impaired-navigation-robot/install/blind_nav_system/lib/python3.10/site-packages/blind_nav_system/voice_interface.py to voice_interface.cpython-310.pyc
[1.651s] byte-compiling /home/jongha/Desktop/GitHub/visually-impaired-navigation-robot/install/blind_nav_system/lib/python3.10/site-packages/blind_nav_system/sensor_monitor.py to sensor_monitor.cpython-310.pyc
[1.651s] byte-compiling /home/jongha/Desktop/GitHub/visually-impaired-navigation-robot/install/blind_nav_system/lib/python3.10/site-packages/blind_nav_system/__init__.py to __init__.cpython-310.pyc
[1.651s] byte-compiling /home/jongha/Desktop/GitHub/visually-impaired-navigation-robot/install/blind_nav_system/lib/python3.10/site-packages/blind_nav_system/main_state_machine.py to main_state_machine.cpython-310.pyc
[1.652s] byte-compiling /home/jongha/Desktop/GitHub/visually-impaired-navigation-robot/install/blind_nav_system/lib/python3.10/site-packages/blind_nav_system/navigation_client.py to navigation_client.cpython-310.pyc
[1.653s] running install_data
[1.653s] copying resource/blind_nav_system -> /home/jongha/Desktop/GitHub/visually-impaired-navigation-robot/install/blind_nav_system/share/ament_index/resource_index/packages
[1.653s] copying package.xml -> /home/jongha/Desktop/GitHub/visually-impaired-navigation-robot/install/blind_nav_system/share/blind_nav_system
[1.653s] running install_egg_info
[1.656s] Copying ../../build/blind_nav_system/blind_nav_system.egg-info to /home/jongha/Desktop/GitHub/visually-impaired-navigation-robot/install/blind_nav_system/lib/python3.10/site-packages/blind_nav_system-0.0.0-py3.10.egg-info
[1.656s] running install_scripts
[1.682s] Installing main_state_machine script to /home/jongha/Desktop/GitHub/visually-impaired-navigation-robot/install/blind_nav_system/lib/blind_nav_system
[1.682s] Installing navigation_client script to /home/jongha/Desktop/GitHub/visually-impaired-navigation-robot/install/blind_nav_system/lib/blind_nav_system
[1.683s] Installing sensor_monitor script to /home/jongha/Desktop/GitHub/visually-impaired-navigation-robot/install/blind_nav_system/lib/blind_nav_system
[1.683s] Installing voice_interface script to /home/jongha/Desktop/GitHub/visually-impaired-navigation-robot/install/blind_nav_system/lib/blind_nav_system
[1.683s] writing list of installed files to '/home/jongha/Desktop/GitHub/visually-impaired-navigation-robot/build/blind_nav_system/install.log'
[1.714s] Invoked command in '/home/jongha/Desktop/GitHub/visually-impaired-navigation-robot/src/blind_nav_system' returned '0': PYTHONPATH=/home/jongha/Desktop/GitHub/visually-impaired-navigation-robot/build/blind_nav_system/prefix_override:/usr/lib/python3/dist-packages/colcon_core/task/python/colcon_distutils_commands:/home/jongha/Desktop/GitHub/visually-impaired-navigation-robot/install/blind_nav_system/lib/python3.10/site-packages:${PYTHONPATH} /usr/bin/python3 -W ignore:setup.py install is deprecated -W ignore:easy_install command is deprecated setup.py egg_info --egg-base ../../build/blind_nav_system build --build-base /home/jongha/Desktop/GitHub/visually-impaired-navigation-robot/build/blind_nav_system/build install --record /home/jongha/Desktop/GitHub/visually-impaired-navigation-robot/build/blind_nav_system/install.log --single-version-externally-managed install_data --force
